{"/root/ethereum/digital-locker-coverage/contracts/ConvertLib.sol":{"l":{"6":0},"path":"/root/ethereum/digital-locker-coverage/contracts/ConvertLib.sol","s":{"1":0},"b":{},"f":{"1":0},"fnMap":{"1":{"name":"convert","line":4,"loc":{"start":{"line":4,"column":1},"end":{"line":5,"column":2}}}},"statementMap":{"1":{"start":{"line":6,"column":2},"end":{"line":6,"column":32}}},"branchMap":{}},"/root/ethereum/digital-locker-coverage/contracts/Document.sol":{"l":{"36":1,"42":1,"48":0,"59":0,"60":0,"61":0,"64":0,"70":1,"71":1,"72":1,"73":1,"74":1,"75":1,"80":0},"path":"/root/ethereum/digital-locker-coverage/contracts/Document.sol","s":{"1":1,"2":1,"3":0,"4":0,"5":0,"6":0,"7":0,"8":1,"9":1,"10":1,"11":1,"12":1,"13":0},"b":{"1":[0,0]},"f":{"1":1,"2":0,"3":0,"4":1,"5":0},"fnMap":{"1":{"name":"addDocument","line":35,"loc":{"start":{"line":35,"column":4},"end":{"line":35,"column":84}}},"2":{"name":"updateDocument","line":47,"loc":{"start":{"line":47,"column":4},"end":{"line":47,"column":87}}},"3":{"name":"deleteDocument","line":58,"loc":{"start":{"line":58,"column":4},"end":{"line":58,"column":39}}},"4":{"name":"getDocument","line":69,"loc":{"start":{"line":69,"column":4},"end":{"line":69,"column":66}}},"5":{"name":"getDocumentTags","line":79,"loc":{"start":{"line":79,"column":4},"end":{"line":79,"column":56}}}},"statementMap":{"1":{"start":{"line":36,"column":8},"end":{"line":36,"column":1060}},"2":{"start":{"line":43,"column":8},"end":{"line":43,"column":36}},"3":{"start":{"line":48,"column":8},"end":{"line":48,"column":1485}},"4":{"start":{"line":54,"column":8},"end":{"line":54,"column":39}},"5":{"start":{"line":59,"column":8},"end":{"line":59,"column":1815}},"6":{"start":{"line":60,"column":12},"end":{"line":60,"column":1897}},"7":{"start":{"line":65,"column":8},"end":{"line":65,"column":39}},"8":{"start":{"line":71,"column":8},"end":{"line":71,"column":50}},"9":{"start":{"line":72,"column":8},"end":{"line":72,"column":59}},"10":{"start":{"line":73,"column":8},"end":{"line":73,"column":59}},"11":{"start":{"line":74,"column":8},"end":{"line":74,"column":59}},"12":{"start":{"line":75,"column":8},"end":{"line":75,"column":19}},"13":{"start":{"line":80,"column":8},"end":{"line":80,"column":44}}},"branchMap":{"1":{"line":60,"type":"if","locations":[{"start":{"line":60,"column":12},"end":{"line":60,"column":12}},{"start":{"line":60,"column":12},"end":{"line":60,"column":12}}]}}}}