{"/root/ethereum/digital-locker-coverage/contracts/Document.sol":{"l":{"33":2,"39":2,"45":1,"56":2,"57":2,"58":1,"60":1,"63":1,"69":3,"70":3,"71":3,"72":3,"73":3,"74":3,"79":1},"path":"/root/ethereum/digital-locker-coverage/contracts/Document.sol","s":{"1":2,"2":2,"3":1,"4":1,"5":2,"6":2,"7":1,"8":1,"9":3,"10":3,"11":3,"12":3,"13":3,"14":1},"b":{"1":[1,1]},"f":{"1":2,"2":1,"3":2,"4":3,"5":1},"fnMap":{"1":{"name":"addDocument","line":32,"loc":{"start":{"line":32,"column":4},"end":{"line":32,"column":84}}},"2":{"name":"updateDocument","line":44,"loc":{"start":{"line":44,"column":4},"end":{"line":44,"column":87}}},"3":{"name":"deleteDocument","line":55,"loc":{"start":{"line":55,"column":4},"end":{"line":55,"column":39}}},"4":{"name":"getDocument","line":68,"loc":{"start":{"line":68,"column":4},"end":{"line":68,"column":66}}},"5":{"name":"getDocumentTags","line":78,"loc":{"start":{"line":78,"column":4},"end":{"line":78,"column":56}}}},"statementMap":{"1":{"start":{"line":33,"column":8},"end":{"line":33,"column":1031}},"2":{"start":{"line":40,"column":8},"end":{"line":40,"column":36}},"3":{"start":{"line":45,"column":8},"end":{"line":45,"column":1456}},"4":{"start":{"line":51,"column":8},"end":{"line":51,"column":39}},"5":{"start":{"line":56,"column":8},"end":{"line":56,"column":1786}},"6":{"start":{"line":57,"column":12},"end":{"line":57,"column":1868}},"7":{"start":{"line":60,"column":16},"end":{"line":60,"column":21}},"8":{"start":{"line":64,"column":8},"end":{"line":64,"column":39}},"9":{"start":{"line":70,"column":8},"end":{"line":70,"column":50}},"10":{"start":{"line":71,"column":8},"end":{"line":71,"column":59}},"11":{"start":{"line":72,"column":8},"end":{"line":72,"column":59}},"12":{"start":{"line":73,"column":8},"end":{"line":73,"column":59}},"13":{"start":{"line":74,"column":8},"end":{"line":74,"column":19}},"14":{"start":{"line":79,"column":8},"end":{"line":79,"column":44}}},"branchMap":{"1":{"line":57,"type":"if","locations":[{"start":{"line":57,"column":12},"end":{"line":57,"column":12}},{"start":{"line":57,"column":12},"end":{"line":57,"column":12}}]}}}}