TN:
SF:/root/ethereum/digital-locker-coverage/contracts/ConvertLib.sol
FN:4,convert
FNF:1
FNH:0
FNDA:0,convert
DA:6,0
LF:1
LH:0
BRF:0
BRH:0
end_of_record
TN:
SF:/root/ethereum/digital-locker-coverage/contracts/Document.sol
FN:35,addDocument
FN:47,updateDocument
FN:58,deleteDocument
FN:69,getDocument
FN:79,getDocumentTags
FNF:5
FNH:2
FNDA:1,addDocument
FNDA:0,updateDocument
FNDA:0,deleteDocument
FNDA:1,getDocument
FNDA:0,getDocumentTags
DA:36,1
DA:42,1
DA:48,0
DA:59,0
DA:60,0
DA:61,0
DA:64,0
DA:70,1
DA:71,1
DA:72,1
DA:73,1
DA:74,1
DA:75,1
DA:80,0
LF:14
LH:8
BRDA:60,1,0,0
BRDA:60,1,1,0
BRF:2
BRH:0
end_of_record
